<?xml version="1.0" encoding="UTF-8"?>
<!-- Generated by org.testng.reporters.JUnitXMLReporter -->
<testsuite ignored="0" hostname="JAIDAA" failures="0" tests="4" name="Default test" time="40.048" errors="0" timestamp="2023-09-13T14:01:01 IDT">
  <testcase classname="main.VerifyLoggingIn" name="checkingLogo" time="7.945"/>
  <testcase classname="main.VerifyLoggingIn" name="login" time="8.478"/>
  <testcase classname="main.VerifyLoggingIn" name="CheckLink" time="2.347"/>
  <testcase classname="main.VerifyLoggingIn" name="CheckFirstName" time="19.672"/>
</testsuite> <!-- Default test -->
